<?xml version="1.0" encoding="UTF-8"?>
<!-- Generated by org.testng.reporters.JUnitReportReporter -->
<testsuite hostname="DESKTOP-FID91T4" failures="0" tests="1" name="com.phase3.restassured.LoginUser003" time="1.149" errors="0" timestamp="2024-01-20T18:53:10 IST" skipped="0">
  <testcase classname="com.phase3.restassured.LoginUser003" name="Login_User" time="1.149"/>
  <system-out/>
</testsuite> <!-- com.phase3.restassured.LoginUser003 -->
