<?xml version="1.0" encoding="UTF-8"?>
<!-- Generated by org.testng.reporters.JUnitReportReporter -->
<testsuite hostname="DESKTOP-FID91T4" failures="0" tests="1" name="com.phase3.restassured.GetUser002" time="0.556" errors="0" timestamp="2024-01-20T18:53:10 IST" skipped="0">
  <testcase classname="com.phase3.restassured.GetUser002" name="getUsers" time="0.556"/>
  <system-out/>
</testsuite> <!-- com.phase3.restassured.GetUser002 -->
