<?xml version="1.0" encoding="UTF-8"?>
<!-- Generated by org.testng.reporters.JUnitReportReporter -->
<testsuite hostname="DESKTOP-FID91T4" failures="0" tests="1" name="endProject.LoginUser003" time="0.916" errors="0" timestamp="2024-01-20T18:30:44 IST" skipped="0">
  <testcase classname="endProject.LoginUser003" name="Login_User" time="0.916"/>
  <system-out/>
</testsuite> <!-- endProject.LoginUser003 -->
