<?xml version="1.0" encoding="UTF-8"?>
<!-- Generated by org.testng.reporters.JUnitReportReporter -->
<testsuite hostname="DESKTOP-FID91T4" failures="0" tests="1" name="com.phase3.restassured.LoggingRequest004" time="0.228" errors="0" timestamp="2024-01-20T18:53:10 IST" skipped="0">
  <testcase classname="com.phase3.restassured.LoggingRequest004" name="Logging_Request" time="0.228"/>
  <system-out/>
</testsuite> <!-- com.phase3.restassured.LoggingRequest004 -->
