<?xml version="1.0" encoding="UTF-8"?>
<!-- Generated by org.testng.reporters.JUnitReportReporter -->
<testsuite hostname="DESKTOP-FID91T4" failures="0" tests="1" name="endProject.GetUser002" time="0.425" errors="0" timestamp="2024-01-20T18:30:44 IST" skipped="0">
  <testcase classname="endProject.GetUser002" name="getUsers" time="0.425"/>
  <system-out/>
</testsuite> <!-- endProject.GetUser002 -->
