<?xml version="1.0" encoding="UTF-8"?>
<!-- Generated by org.testng.reporters.JUnitReportReporter -->
<testsuite hostname="DESKTOP-FID91T4" failures="0" tests="1" name="endProject.LoggingRequest004" time="0.415" errors="0" timestamp="2024-01-20T18:30:44 IST" skipped="0">
  <testcase classname="endProject.LoggingRequest004" name="Logging_Request" time="0.415"/>
  <system-out/>
</testsuite> <!-- endProject.LoggingRequest004 -->
