<?xml version="1.0" encoding="UTF-8"?>
<!-- Generated by org.testng.reporters.JUnitReportReporter -->
<testsuite hostname="DESKTOP-FID91T4" failures="0" tests="1" name="endProject.RegisterUser001" time="3.315" errors="0" timestamp="2024-01-20T18:30:44 IST" skipped="0">
  <testcase classname="endProject.RegisterUser001" name="registerUser" time="3.315"/>
  <system-out/>
</testsuite> <!-- endProject.RegisterUser001 -->
